<?xml version="1.0" encoding="UTF-8"?>
<!-- Generated by org.testng.reporters.JUnitReportReporter -->
<testsuite skipped="0" hostname="LAPTOP-7NC8C0E5" name="com.tests.AzureTest" tests="3" failures="0" timestamp="25 Jul 2020 15:29:40 GMT" time="60.422" errors="0">
  <testcase name="test2" time="21.549" classname="com.tests.AzureTest"/>
  <testcase name="test3" time="15.756" classname="com.tests.AzureTest"/>
  <testcase name="test4" time="23.117" classname="com.tests.AzureTest"/>
</testsuite> <!-- com.tests.AzureTest -->
