<?xml version="1.0" encoding="UTF-8"?>
<!-- Generated by org.testng.reporters.JUnitReportReporter -->
<testsuite skipped="0" hostname="GirishN3-msd1" name="com.tests.AzureTest" tests="3" failures="0" timestamp="28 Jul 2020 15:37:55 GMT" time="96.420" errors="0">
  <testcase name="test2" time="23.202" classname="com.tests.AzureTest"/>
  <testcase name="test3" time="22.763" classname="com.tests.AzureTest"/>
  <testcase name="test4" time="50.455" classname="com.tests.AzureTest"/>
</testsuite> <!-- com.tests.AzureTest -->
